[0.020s] Invoking command in '/home/tmem-orin8/tlab_practice_pacage/hello/build/hello': CMAKE_PREFIX_PATH=/opt/ros/humble /usr/bin/cmake /home/tmem-orin8/tlab_practice_pacage/hello -DCMAKE_INSTALL_PREFIX=/home/tmem-orin8/tlab_practice_pacage/hello/install/hello
[0.044s] -- Found ament_cmake: 1.3.11 (/opt/ros/humble/share/ament_cmake/cmake)
[0.322s] -- Found rclcpp: 16.0.12 (/opt/ros/humble/share/rclcpp/cmake)
[0.393s] -- Found rosidl_generator_c: 3.1.6 (/opt/ros/humble/share/rosidl_generator_c/cmake)
[0.397s] -- Found rosidl_adapter: 3.1.6 (/opt/ros/humble/share/rosidl_adapter/cmake)
[0.408s] -- Found rosidl_generator_cpp: 3.1.6 (/opt/ros/humble/share/rosidl_generator_cpp/cmake)
[0.426s] -- Using all available rosidl_typesupport_c: rosidl_typesupport_fastrtps_c;rosidl_typesupport_introspection_c
[0.449s] -- Using all available rosidl_typesupport_cpp: rosidl_typesupport_fastrtps_cpp;rosidl_typesupport_introspection_cpp
[0.507s] -- Found rmw_implementation_cmake: 6.1.2 (/opt/ros/humble/share/rmw_implementation_cmake/cmake)
[0.510s] -- Found rmw_fastrtps_cpp: 6.2.7 (/opt/ros/humble/share/rmw_fastrtps_cpp/cmake)
[0.679s] -- Using RMW implementation 'rmw_fastrtps_cpp' as default
[0.898s] -- Configuring done
[0.915s] -- Generating done
[0.922s] -- Build files have been written to: /home/tmem-orin8/tlab_practice_pacage/hello/build/hello
[0.942s] Invoked command in '/home/tmem-orin8/tlab_practice_pacage/hello/build/hello' returned '0': CMAKE_PREFIX_PATH=/opt/ros/humble /usr/bin/cmake /home/tmem-orin8/tlab_practice_pacage/hello -DCMAKE_INSTALL_PREFIX=/home/tmem-orin8/tlab_practice_pacage/hello/install/hello
[0.947s] Invoking command in '/home/tmem-orin8/tlab_practice_pacage/hello/build/hello': CMAKE_PREFIX_PATH=/opt/ros/humble /usr/bin/cmake --build /home/tmem-orin8/tlab_practice_pacage/hello/build/hello -- -j6 -l6
[1.047s] [ 66%] [32mBuilding CXX object CMakeFiles/hello.dir/src/hello_node.cpp.o[0m
[1.047s] [ 66%] [32mBuilding CXX object CMakeFiles/hello.dir/src/main.cpp.o[0m
[1.090s] [01m[K/home/tmem-orin8/tlab_practice_pacage/hello/src/main.cpp:1:10:[m[K [01;31m[Kfatal error: [m[Khello/hello_node.hpp: No such file or directory
[1.090s]     1 | #include [01;31m[K"hello/hello_node.hpp"[m[K
[1.090s]       |          [01;31m[K^~~~~~~~~~~~~~~~~~~~~~[m[K
[1.090s] compilation terminated.
[1.090s] [01m[K/home/tmem-orin8/tlab_practice_pacage/hello/src/hello_node.cpp:1:10:[m[K [01;31m[Kfatal error: [m[Khello/hello_node.hpp: No such file or directory
[1.091s]     1 | #include [01;31m[K"hello/hello_node.hpp"[m[K
[1.091s]       |          [01;31m[K^~~~~~~~~~~~~~~~~~~~~~[m[K
[1.091s] compilation terminated.
[1.092s] gmake[2]: *** [CMakeFiles/hello.dir/build.make:76: CMakeFiles/hello.dir/src/main.cpp.o] Error 1
[1.093s] gmake[2]: *** Waiting for unfinished jobs....
[1.094s] gmake[2]: *** [CMakeFiles/hello.dir/build.make:90: CMakeFiles/hello.dir/src/hello_node.cpp.o] Error 1
[1.095s] gmake[1]: *** [CMakeFiles/Makefile2:137: CMakeFiles/hello.dir/all] Error 2
[1.096s] gmake: *** [Makefile:146: all] Error 2
[1.104s] Invoked command in '/home/tmem-orin8/tlab_practice_pacage/hello/build/hello' returned '2': CMAKE_PREFIX_PATH=/opt/ros/humble /usr/bin/cmake --build /home/tmem-orin8/tlab_practice_pacage/hello/build/hello -- -j6 -l6
