[0.028s] Invoking command in '/home/tmem-orin8/tlab_practice_pacage/hello/build/hello': CMAKE_PREFIX_PATH=/opt/ros/humble /usr/bin/cmake --build /home/tmem-orin8/tlab_practice_pacage/hello/build/hello -- -j6 -l6
[0.157s] [35m[1mConsolidate compiler generated dependencies of target hello[0m
[0.214s] [ 33%] [32mBuilding CXX object CMakeFiles/hello.dir/src/main.cpp.o[0m
[0.250s] [ 66%] [32mBuilding CXX object CMakeFiles/hello.dir/src/hello_node.cpp.o[0m
[5.471s] In file included from [01m[K/home/tmem-orin8/tlab_practice_pacage/hello/src/main.cpp:1[m[K:
[5.471s] [01m[K/home/tmem-orin8/tlab_practice_pacage/hello/include/hello/hello_node.hpp:12:29:[m[K [01;31m[Kerror: [m[K‘[01m[KNpdeOptins[m[K’ in namespace ‘[01m[Krclcpp[m[K’ does not name a type; did you mean ‘[01m[KNodeOptions[m[K’?
[5.471s]    12 |     HelloNode(const rclcpp::[01;31m[KNpdeOptins[m[K &optins = rclcpp::NodeOptions());
[5.471s]       |                             [01;31m[K^~~~~~~~~~[m[K
[5.472s]       |                             [32m[KNodeOptions[m[K
[5.472s] [01m[K/home/tmem-orin8/tlab_practice_pacage/hello/include/hello/hello_node.hpp:12:58:[m[K [01;31m[Kerror: [m[Kcould not convert ‘[01m[Krclcpp::NodeOptions(rcutils_get_default_allocator())[m[K’ from ‘[01m[Krclcpp::NodeOptions[m[K’ to ‘[01m[Kconst int&[m[K’
[5.472s]    12 |     HelloNode(const rclcpp::NpdeOptins &optins = rclcpp::[01;31m[KNodeOptions()[m[K);
[5.473s]       |                                                          [01;31m[K^~~~~~~~~~~~~[m[K
[5.473s]       |                                                          [01;31m[K|[m[K
[5.473s]       |                                                          [01;31m[Krclcpp::NodeOptions[m[K
[5.665s] In file included from [01m[K/home/tmem-orin8/tlab_practice_pacage/hello/src/hello_node.cpp:1[m[K:
[5.665s] [01m[K/home/tmem-orin8/tlab_practice_pacage/hello/include/hello/hello_node.hpp:12:29:[m[K [01;31m[Kerror: [m[K‘[01m[KNpdeOptins[m[K’ in namespace ‘[01m[Krclcpp[m[K’ does not name a type; did you mean ‘[01m[KNodeOptions[m[K’?
[5.666s]    12 |     HelloNode(const rclcpp::[01;31m[KNpdeOptins[m[K &optins = rclcpp::NodeOptions());
[5.666s]       |                             [01;31m[K^~~~~~~~~~[m[K
[5.666s]       |                             [32m[KNodeOptions[m[K
[5.666s] [01m[K/home/tmem-orin8/tlab_practice_pacage/hello/include/hello/hello_node.hpp:12:58:[m[K [01;31m[Kerror: [m[Kcould not convert ‘[01m[Krclcpp::NodeOptions(rcutils_get_default_allocator())[m[K’ from ‘[01m[Krclcpp::NodeOptions[m[K’ to ‘[01m[Kconst int&[m[K’
[5.667s]    12 |     HelloNode(const rclcpp::NpdeOptins &optins = rclcpp::[01;31m[KNodeOptions()[m[K);
[5.667s]       |                                                          [01;31m[K^~~~~~~~~~~~~[m[K
[5.667s]       |                                                          [01;31m[K|[m[K
[5.667s]       |                                                          [01;31m[Krclcpp::NodeOptions[m[K
[5.667s] [01m[K/home/tmem-orin8/tlab_practice_pacage/hello/src/hello_node.cpp:3:1:[m[K [01;31m[Kerror: [m[Kno declaration matches ‘[01m[KHelloNode::HelloNode(const rclcpp::NodeOptions&)[m[K’
[5.667s]     3 | [01;31m[KHelloNode[m[K::HelloNode(const rclcpp::NodeOptions &options) : HelloNode("", options) {}
[5.667s]       | [01;31m[K^~~~~~~~~[m[K
[5.668s] In file included from [01m[K/home/tmem-orin8/tlab_practice_pacage/hello/src/hello_node.cpp:1[m[K:
[5.668s] [01m[K/home/tmem-orin8/tlab_practice_pacage/hello/include/hello/hello_node.hpp:4:7:[m[K [01;36m[Knote: [m[Kcandidates are: ‘[01m[KHelloNode::HelloNode(HelloNode&&)[m[K’
[5.668s]     4 | class [01;36m[KHelloNode[m[K : public rclcpp::Node
[5.668s]       |       [01;36m[K^~~~~~~~~[m[K
[5.668s] [01m[K/home/tmem-orin8/tlab_practice_pacage/hello/include/hello/hello_node.hpp:4:7:[m[K [01;36m[Knote: [m[K                ‘[01m[KHelloNode::HelloNode(const HelloNode&)[m[K’
[5.668s] [01m[K/home/tmem-orin8/tlab_practice_pacage/hello/include/hello/hello_node.hpp:13:5:[m[K [01;36m[Knote: [m[K                ‘[01m[KHelloNode::HelloNode(const string&, const rclcpp::NodeOptions&)[m[K’
[5.668s]    13 |     [01;36m[KHelloNode[m[K(const std::string& name_space, const rclcpp::NodeOptions& options = rclcpp::NodeOptions());
[5.668s]       |     [01;36m[K^~~~~~~~~[m[K
[5.669s] [01m[K/home/tmem-orin8/tlab_practice_pacage/hello/include/hello/hello_node.hpp:12:5:[m[K [01;36m[Knote: [m[K                ‘[01m[KHelloNode::HelloNode(const int&)[m[K’
[5.669s]    12 |     [01;36m[KHelloNode[m[K(const rclcpp::NpdeOptins &optins = rclcpp::NodeOptions());
[5.669s]       |     [01;36m[K^~~~~~~~~[m[K
[5.669s] [01m[K/home/tmem-orin8/tlab_practice_pacage/hello/include/hello/hello_node.hpp:4:7:[m[K [01;36m[Knote: [m[K‘[01m[Kclass HelloNode[m[K’ defined here
[5.669s]     4 | class [01;36m[KHelloNode[m[K : public rclcpp::Node
[5.669s]       |       [01;36m[K^~~~~~~~~[m[K
[5.681s] [01m[K/home/tmem-orin8/tlab_practice_pacage/hello/src/hello_node.cpp:[m[K In constructor ‘[01m[KHelloNode::HelloNode(const string&, const rclcpp::NodeOptions&)[m[K’:
[5.682s] [01m[K/home/tmem-orin8/tlab_practice_pacage/hello/src/hello_node.cpp:7:26:[m[K [01;31m[Kerror: [m[K‘[01m[Kchrono_listerals[m[K’ is not a namespace-name
[5.682s]     7 |     using namespace std::[01;31m[Kchrono_listerals[m[K;
[5.682s]       |                          [01;31m[K^~~~~~~~~~~~~~~~[m[K
[5.696s] [01m[K/home/tmem-orin8/tlab_practice_pacage/hello/src/hello_node.cpp:9:5:[m[K [01;31m[Kerror: [m[K‘[01m[Ktimer[m[K’ was not declared in this scope; did you mean ‘[01m[Ktimer_[m[K’?
[5.696s]     9 |     [01;31m[Ktimer[m[K = create_wall_timer(100ms,std::bind(&HelloNode::timer_callback,this));
[5.696s]       |     [01;31m[K^~~~~[m[K
[5.696s]       |     [32m[Ktimer_[m[K
[5.696s] [01m[K/home/tmem-orin8/tlab_practice_pacage/hello/src/hello_node.cpp:9:31:[m[K [01;31m[Kerror: [m[Kunable to find numeric literal operator ‘[01m[Koperator""ms[m[K’
[5.697s]     9 |     timer = create_wall_timer([01;31m[K100ms[m[K,std::bind(&HelloNode::timer_callback,this));
[5.697s]       |                               [01;31m[K^~~~~[m[K
[6.344s] In file included from [01m[K/usr/include/aarch64-linux-gnu/c++/11/bits/c++allocator.h:33[m[K,
[6.344s]                  from [01m[K/usr/include/c++/11/bits/allocator.h:46[m[K,
[6.344s]                  from [01m[K/usr/include/c++/11/memory:64[m[K,
[6.344s]                  from [01m[K/opt/ros/humble/include/rclcpp/rclcpp/rclcpp.hpp:153[m[K,
[6.345s]                  from [01m[K/home/tmem-orin8/tlab_practice_pacage/hello/include/hello/hello_node.hpp:1[m[K,
[6.345s]                  from [01m[K/home/tmem-orin8/tlab_practice_pacage/hello/src/main.cpp:1[m[K:
[6.345s] /usr/include/c++/11/ext/new_allocator.h: In instantiation of ‘[01m[Kvoid __gnu_cxx::new_allocator<_Tp>::construct(_Up*, _Args&& ...) [with _Up = HelloNode; _Args = {}; _Tp = HelloNode][m[K’:
[6.345s] [01m[K/usr/include/c++/11/bits/alloc_traits.h:516:17:[m[K   required from ‘[01m[Kstatic void std::allocator_traits<std::allocator<_Tp1> >::construct(std::allocator_traits<std::allocator<_Tp1> >::allocator_type&, _Up*, _Args&& ...) [with _Up = HelloNode; _Args = {}; _Tp = HelloNode; std::allocator_traits<std::allocator<_Tp1> >::allocator_type = std::allocator<HelloNode>][m[K’
[6.345s] [01m[K/usr/include/c++/11/bits/shared_ptr_base.h:519:39:[m[K   required from ‘[01m[Kstd::_Sp_counted_ptr_inplace<_Tp, _Alloc, _Lp>::_Sp_counted_ptr_inplace(_Alloc, _Args&& ...) [with _Args = {}; _Tp = HelloNode; _Alloc = std::allocator<HelloNode>; __gnu_cxx::_Lock_policy _Lp = __gnu_cxx::_S_atomic][m[K’
[6.346s] [01m[K/usr/include/c++/11/bits/shared_ptr_base.h:650:16:[m[K   required from ‘[01m[Kstd::__shared_count<_Lp>::__shared_count(_Tp*&, std::_Sp_alloc_shared_tag<_Alloc>, _Args&& ...) [with _Tp = HelloNode; _Alloc = std::allocator<HelloNode>; _Args = {}; __gnu_cxx::_Lock_policy _Lp = __gnu_cxx::_S_atomic][m[K’
[6.346s] [01m[K/usr/include/c++/11/bits/shared_ptr_base.h:1342:14:[m[K   required from ‘[01m[Kstd::__shared_ptr<_Tp, _Lp>::__shared_ptr(std::_Sp_alloc_shared_tag<_Tp>, _Args&& ...) [with _Alloc = std::allocator<HelloNode>; _Args = {}; _Tp = HelloNode; __gnu_cxx::_Lock_policy _Lp = __gnu_cxx::_S_atomic][m[K’
[6.346s] [01m[K/usr/include/c++/11/bits/shared_ptr.h:409:59:[m[K   required from ‘[01m[Kstd::shared_ptr<_Tp>::shared_ptr(std::_Sp_alloc_shared_tag<_Tp>, _Args&& ...) [with _Alloc = std::allocator<HelloNode>; _Args = {}; _Tp = HelloNode][m[K’
[6.346s] [01m[K/usr/include/c++/11/bits/shared_ptr.h:862:14:[m[K   required from ‘[01m[Kstd::shared_ptr<_Tp> std::allocate_shared(const _Alloc&, _Args&& ...) [with _Tp = HelloNode; _Alloc = std::allocator<HelloNode>; _Args = {}][m[K’
[6.347s] [01m[K/usr/include/c++/11/bits/shared_ptr.h:878:39:[m[K   required from ‘[01m[Kstd::shared_ptr<_Tp> std::make_shared(_Args&& ...) [with _Tp = HelloNode; _Args = {}][m[K’
[6.348s] [01m[K/home/tmem-orin8/tlab_practice_pacage/hello/src/main.cpp:6:44:[m[K   required from here
[6.348s] [01m[K/usr/include/c++/11/ext/new_allocator.h:162:11:[m[K [01;31m[Kerror: [m[Kinvalid initialization of reference of type ‘[01m[Kconst int&[m[K’ from expression of type ‘[01m[Krclcpp::NodeOptions[m[K’
[6.348s]   162 |         { [01;31m[K::new((void *)__p) _Up(std::forward<_Args>(__args)...)[m[K; }
[6.348s]       |           [01;31m[K^~~~~~~~~~~~~~~~~~~~~~~~~~~~~~~~~~~~~~~~~~~~~~~~~~~~~~[m[K
[6.348s] In file included from [01m[K/home/tmem-orin8/tlab_practice_pacage/hello/src/main.cpp:1[m[K:
[6.348s] [01m[K/home/tmem-orin8/tlab_practice_pacage/hello/include/hello/hello_node.hpp:12:41:[m[K [01;36m[Knote: [m[Kin passing argument 1 of ‘[01m[KHelloNode::HelloNode(const int&)[m[K’
[6.348s]    12 |     HelloNode([01;36m[Kconst rclcpp::NpdeOptins &optins = rclcpp::NodeOptions()[m[K);
[6.349s]       |               [01;36m[K~~~~~~~~~~~~~~~~~~~~~~~~~~^~~~~~~~~~~~~~~~~~~~~~~~~~~~~~[m[K
[6.520s] gmake[2]: *** [CMakeFiles/hello.dir/build.make:76: CMakeFiles/hello.dir/src/main.cpp.o] Error 1
[6.521s] gmake[2]: *** Waiting for unfinished jobs....
[6.751s] gmake[2]: *** [CMakeFiles/hello.dir/build.make:90: CMakeFiles/hello.dir/src/hello_node.cpp.o] Error 1
[6.752s] gmake[1]: *** [CMakeFiles/Makefile2:137: CMakeFiles/hello.dir/all] Error 2
[6.752s] gmake: *** [Makefile:146: all] Error 2
[6.759s] Invoked command in '/home/tmem-orin8/tlab_practice_pacage/hello/build/hello' returned '2': CMAKE_PREFIX_PATH=/opt/ros/humble /usr/bin/cmake --build /home/tmem-orin8/tlab_practice_pacage/hello/build/hello -- -j6 -l6
