[0.213s] DEBUG:colcon:Command line arguments: ['/usr/bin/colcon', 'build', '--packages-select', 'camera_test']
[0.213s] DEBUG:colcon:Parsed command line arguments: Namespace(log_base=None, log_level=None, verb_name='build', build_base='build', install_base='install', merge_install=False, symlink_install=False, test_result_base=None, continue_on_error=False, executor='parallel', parallel_workers=6, event_handlers=None, ignore_user_meta=False, metas=['./colcon.meta'], base_paths=['.'], packages_ignore=None, packages_ignore_regex=None, paths=None, packages_up_to=None, packages_up_to_regex=None, packages_above=None, packages_above_and_dependencies=None, packages_above_depth=None, packages_select_by_dep=None, packages_skip_by_dep=None, packages_skip_up_to=None, packages_select_build_failed=False, packages_skip_build_finished=False, packages_select_test_failures=False, packages_skip_test_passed=False, packages_select=['camera_test'], packages_skip=None, packages_select_regex=None, packages_skip_regex=None, packages_start=None, packages_end=None, allow_overriding=[], cmake_args=None, cmake_target=None, cmake_target_skip_unavailable=False, cmake_clean_cache=False, cmake_clean_first=False, cmake_force_configure=False, ament_cmake_args=None, catkin_cmake_args=None, catkin_skip_building_tests=False, verb_parser=<colcon_defaults.argument_parser.defaults.DefaultArgumentsDecorator object at 0xffff818c4880>, verb_extension=<colcon_core.verb.build.BuildVerb object at 0xffff81a79d20>, main=<bound method BuildVerb.main of <colcon_core.verb.build.BuildVerb object at 0xffff81a79d20>>)
[0.534s] Level 1:colcon.colcon_core.package_discovery:discover_packages(colcon_meta) check parameters
[0.534s] Level 1:colcon.colcon_core.package_discovery:discover_packages(recursive) check parameters
[0.534s] Level 1:colcon.colcon_core.package_discovery:discover_packages(ignore) check parameters
[0.534s] Level 1:colcon.colcon_core.package_discovery:discover_packages(path) check parameters
[0.534s] Level 1:colcon.colcon_core.package_discovery:discover_packages(colcon_meta) discover
[0.534s] Level 1:colcon.colcon_core.package_discovery:discover_packages(recursive) discover
[0.535s] INFO:colcon.colcon_core.package_discovery:Crawling recursively for packages in '/home/tmem-orin8/tlab_practice_pacage'
[0.535s] Level 1:colcon.colcon_core.package_identification:_identify(.) by extensions ['ignore', 'ignore_ament_install']
[0.535s] Level 1:colcon.colcon_core.package_identification:_identify(.) by extension 'ignore'
[0.535s] Level 1:colcon.colcon_core.package_identification:_identify(.) by extension 'ignore_ament_install'
[0.536s] Level 1:colcon.colcon_core.package_identification:_identify(.) by extensions ['colcon_pkg']
[0.536s] Level 1:colcon.colcon_core.package_identification:_identify(.) by extension 'colcon_pkg'
[0.536s] Level 1:colcon.colcon_core.package_identification:_identify(.) by extensions ['colcon_meta']
[0.536s] Level 1:colcon.colcon_core.package_identification:_identify(.) by extension 'colcon_meta'
[0.536s] Level 1:colcon.colcon_core.package_identification:_identify(.) by extensions ['ros']
[0.536s] Level 1:colcon.colcon_core.package_identification:_identify(.) by extension 'ros'
[0.560s] Level 1:colcon.colcon_core.package_identification:_identify(.) by extensions ['cmake', 'python']
[0.560s] Level 1:colcon.colcon_core.package_identification:_identify(.) by extension 'cmake'
[0.560s] Level 1:colcon.colcon_core.package_identification:_identify(.) by extension 'python'
[0.560s] Level 1:colcon.colcon_core.package_identification:_identify(.) by extensions ['python_setup_py']
[0.560s] Level 1:colcon.colcon_core.package_identification:_identify(.) by extension 'python_setup_py'
[0.560s] Level 1:colcon.colcon_core.package_identification:_identify(build) by extensions ['ignore', 'ignore_ament_install']
[0.561s] Level 1:colcon.colcon_core.package_identification:_identify(build) by extension 'ignore'
[0.561s] Level 1:colcon.colcon_core.package_identification:_identify(build) ignored
[0.561s] Level 1:colcon.colcon_core.package_identification:_identify(camera_test) by extensions ['ignore', 'ignore_ament_install']
[0.561s] Level 1:colcon.colcon_core.package_identification:_identify(camera_test) by extension 'ignore'
[0.561s] Level 1:colcon.colcon_core.package_identification:_identify(camera_test) by extension 'ignore_ament_install'
[0.562s] Level 1:colcon.colcon_core.package_identification:_identify(camera_test) by extensions ['colcon_pkg']
[0.562s] Level 1:colcon.colcon_core.package_identification:_identify(camera_test) by extension 'colcon_pkg'
[0.562s] Level 1:colcon.colcon_core.package_identification:_identify(camera_test) by extensions ['colcon_meta']
[0.562s] Level 1:colcon.colcon_core.package_identification:_identify(camera_test) by extension 'colcon_meta'
[0.562s] Level 1:colcon.colcon_core.package_identification:_identify(camera_test) by extensions ['ros']
[0.562s] Level 1:colcon.colcon_core.package_identification:_identify(camera_test) by extension 'ros'
[0.567s] DEBUG:colcon.colcon_core.package_identification:Package 'camera_test' with type 'ros.ament_cmake' and name 'camera_test'
[0.567s] Level 1:colcon.colcon_core.package_identification:_identify(hello) by extensions ['ignore', 'ignore_ament_install']
[0.567s] Level 1:colcon.colcon_core.package_identification:_identify(hello) by extension 'ignore'
[0.567s] Level 1:colcon.colcon_core.package_identification:_identify(hello) by extension 'ignore_ament_install'
[0.568s] Level 1:colcon.colcon_core.package_identification:_identify(hello) by extensions ['colcon_pkg']
[0.568s] Level 1:colcon.colcon_core.package_identification:_identify(hello) by extension 'colcon_pkg'
[0.568s] Level 1:colcon.colcon_core.package_identification:_identify(hello) by extensions ['colcon_meta']
[0.568s] Level 1:colcon.colcon_core.package_identification:_identify(hello) by extension 'colcon_meta'
[0.568s] Level 1:colcon.colcon_core.package_identification:_identify(hello) by extensions ['ros']
[0.568s] Level 1:colcon.colcon_core.package_identification:_identify(hello) by extension 'ros'
[0.569s] DEBUG:colcon.colcon_core.package_identification:Package 'hello' with type 'ros.ament_cmake' and name 'hello'
[0.569s] Level 1:colcon.colcon_core.package_identification:_identify(install) by extensions ['ignore', 'ignore_ament_install']
[0.570s] Level 1:colcon.colcon_core.package_identification:_identify(install) by extension 'ignore'
[0.570s] Level 1:colcon.colcon_core.package_identification:_identify(install) ignored
[0.570s] Level 1:colcon.colcon_core.package_identification:_identify(log) by extensions ['ignore', 'ignore_ament_install']
[0.570s] Level 1:colcon.colcon_core.package_identification:_identify(log) by extension 'ignore'
[0.570s] Level 1:colcon.colcon_core.package_identification:_identify(log) ignored
[0.570s] Level 1:colcon.colcon_core.package_discovery:discover_packages(recursive) using defaults
[0.571s] Level 1:colcon.colcon_core.package_discovery:discover_packages(ignore) discover
[0.571s] Level 1:colcon.colcon_core.package_discovery:discover_packages(ignore) using defaults
[0.571s] Level 1:colcon.colcon_core.package_discovery:discover_packages(path) discover
[0.571s] Level 1:colcon.colcon_core.package_discovery:discover_packages(path) using defaults
[0.608s] INFO:colcon.colcon_core.package_selection:Skipping not selected package 'hello' in 'hello'
[0.609s] Level 1:colcon.colcon_core.package_discovery:discover_packages(prefix_path) check parameters
[0.609s] Level 1:colcon.colcon_core.package_discovery:discover_packages(prefix_path) discover
[0.614s] DEBUG:colcon.colcon_installed_package_information.package_discovery:Found 273 installed packages in /opt/ros/humble
[0.617s] Level 1:colcon.colcon_core.package_discovery:discover_packages(prefix_path) using defaults
[0.720s] Level 5:colcon.colcon_core.verb:set package 'camera_test' build argument 'cmake_args' from command line to 'None'
[0.720s] Level 5:colcon.colcon_core.verb:set package 'camera_test' build argument 'cmake_target' from command line to 'None'
[0.720s] Level 5:colcon.colcon_core.verb:set package 'camera_test' build argument 'cmake_target_skip_unavailable' from command line to 'False'
[0.720s] Level 5:colcon.colcon_core.verb:set package 'camera_test' build argument 'cmake_clean_cache' from command line to 'False'
[0.720s] Level 5:colcon.colcon_core.verb:set package 'camera_test' build argument 'cmake_clean_first' from command line to 'False'
[0.720s] Level 5:colcon.colcon_core.verb:set package 'camera_test' build argument 'cmake_force_configure' from command line to 'False'
[0.720s] Level 5:colcon.colcon_core.verb:set package 'camera_test' build argument 'ament_cmake_args' from command line to 'None'
[0.720s] Level 5:colcon.colcon_core.verb:set package 'camera_test' build argument 'catkin_cmake_args' from command line to 'None'
[0.720s] Level 5:colcon.colcon_core.verb:set package 'camera_test' build argument 'catkin_skip_building_tests' from command line to 'False'
[0.720s] DEBUG:colcon.colcon_core.verb:Building package 'camera_test' with the following arguments: {'ament_cmake_args': None, 'build_base': '/home/tmem-orin8/tlab_practice_pacage/build/camera_test', 'catkin_cmake_args': None, 'catkin_skip_building_tests': False, 'cmake_args': None, 'cmake_clean_cache': False, 'cmake_clean_first': False, 'cmake_force_configure': False, 'cmake_target': None, 'cmake_target_skip_unavailable': False, 'install_base': '/home/tmem-orin8/tlab_practice_pacage/install/camera_test', 'merge_install': False, 'path': '/home/tmem-orin8/tlab_practice_pacage/camera_test', 'symlink_install': False, 'test_result_base': None}
[0.721s] INFO:colcon.colcon_core.executor:Executing jobs using 'parallel' executor
[0.723s] DEBUG:colcon.colcon_parallel_executor.executor.parallel:run_until_complete
[0.724s] INFO:colcon.colcon_ros.task.ament_cmake.build:Building ROS package in '/home/tmem-orin8/tlab_practice_pacage/camera_test' with build type 'ament_cmake'
[0.724s] INFO:colcon.colcon_cmake.task.cmake.build:Building CMake package in '/home/tmem-orin8/tlab_practice_pacage/camera_test'
[0.728s] INFO:colcon.colcon_core.plugin_system:Skipping extension 'colcon_core.shell.bat': Not used on non-Windows systems
[0.729s] INFO:colcon.colcon_core.shell:Skip shell extension 'powershell' for command environment: Not usable outside of PowerShell
[0.729s] DEBUG:colcon.colcon_core.shell:Skip shell extension 'dsv' for command environment
[0.749s] DEBUG:colcon.colcon_core.event_handler.log_command:Invoking command in '/home/tmem-orin8/tlab_practice_pacage/build/camera_test': CMAKE_PREFIX_PATH=/opt/ros/humble /usr/bin/cmake /home/tmem-orin8/tlab_practice_pacage/camera_test -DCMAKE_INSTALL_PREFIX=/home/tmem-orin8/tlab_practice_pacage/install/camera_test
[1.714s] DEBUG:colcon.colcon_core.event_handler.log_command:Invoked command in '/home/tmem-orin8/tlab_practice_pacage/build/camera_test' returned '0': CMAKE_PREFIX_PATH=/opt/ros/humble /usr/bin/cmake /home/tmem-orin8/tlab_practice_pacage/camera_test -DCMAKE_INSTALL_PREFIX=/home/tmem-orin8/tlab_practice_pacage/install/camera_test
[1.720s] DEBUG:colcon.colcon_core.event_handler.log_command:Invoking command in '/home/tmem-orin8/tlab_practice_pacage/build/camera_test': CMAKE_PREFIX_PATH=/opt/ros/humble /usr/bin/cmake --build /home/tmem-orin8/tlab_practice_pacage/build/camera_test -- -j6 -l6
[2.014s] DEBUG:colcon.colcon_core.event_handler.log_command:Invoked command in '/home/tmem-orin8/tlab_practice_pacage/build/camera_test' returned '2': CMAKE_PREFIX_PATH=/opt/ros/humble /usr/bin/cmake --build /home/tmem-orin8/tlab_practice_pacage/build/camera_test -- -j6 -l6
[2.016s] Level 1:colcon.colcon_core.environment:create_environment_scripts_only(camera_test)
[2.024s] Level 1:colcon.colcon_core.environment:checking '/home/tmem-orin8/tlab_practice_pacage/install/camera_test' for CMake module files
[2.026s] Level 1:colcon.colcon_core.environment:checking '/home/tmem-orin8/tlab_practice_pacage/install/camera_test' for CMake config files
[2.028s] Level 1:colcon.colcon_core.environment:checking '/home/tmem-orin8/tlab_practice_pacage/install/camera_test/bin'
[2.028s] Level 1:colcon.colcon_core.environment:checking '/home/tmem-orin8/tlab_practice_pacage/install/camera_test/lib/pkgconfig/camera_test.pc'
[2.029s] Level 1:colcon.colcon_core.environment:checking '/home/tmem-orin8/tlab_practice_pacage/install/camera_test/lib/python3.10/site-packages'
[2.030s] Level 1:colcon.colcon_core.environment:checking '/home/tmem-orin8/tlab_practice_pacage/install/camera_test/bin'
[2.031s] INFO:colcon.colcon_core.shell:Creating package script '/home/tmem-orin8/tlab_practice_pacage/install/camera_test/share/camera_test/package.ps1'
[2.034s] INFO:colcon.colcon_core.shell:Creating package descriptor '/home/tmem-orin8/tlab_practice_pacage/install/camera_test/share/camera_test/package.dsv'
[2.036s] INFO:colcon.colcon_core.shell:Creating package script '/home/tmem-orin8/tlab_practice_pacage/install/camera_test/share/camera_test/package.sh'
[2.039s] INFO:colcon.colcon_core.shell:Creating package script '/home/tmem-orin8/tlab_practice_pacage/install/camera_test/share/camera_test/package.bash'
[2.042s] INFO:colcon.colcon_core.shell:Creating package script '/home/tmem-orin8/tlab_practice_pacage/install/camera_test/share/camera_test/package.zsh'
[2.044s] Level 1:colcon.colcon_core.environment:create_file_with_runtime_dependencies(/home/tmem-orin8/tlab_practice_pacage/install/camera_test/share/colcon-core/packages/camera_test)
[2.056s] DEBUG:colcon.colcon_parallel_executor.executor.parallel:closing loop
[2.056s] DEBUG:colcon.colcon_parallel_executor.executor.parallel:loop closed
[2.057s] DEBUG:colcon.colcon_parallel_executor.executor.parallel:run_until_complete finished with '2'
[2.057s] DEBUG:colcon.colcon_core.event_reactor:joining thread
[2.075s] INFO:colcon.colcon_core.plugin_system:Skipping extension 'colcon_notification.desktop_notification.terminal_notifier': Not used on non-Darwin systems
[2.076s] INFO:colcon.colcon_core.plugin_system:Skipping extension 'colcon_notification.desktop_notification.win32': Not used on non-Windows systems
[2.076s] INFO:colcon.colcon_notification.desktop_notification:Sending desktop notification using 'notify2'
[2.129s] DEBUG:colcon.colcon_core.event_reactor:joined thread
[2.130s] INFO:colcon.colcon_core.shell:Creating prefix script '/home/tmem-orin8/tlab_practice_pacage/install/local_setup.ps1'
[2.134s] INFO:colcon.colcon_core.shell:Creating prefix util module '/home/tmem-orin8/tlab_practice_pacage/install/_local_setup_util_ps1.py'
[2.139s] INFO:colcon.colcon_core.shell:Creating prefix chain script '/home/tmem-orin8/tlab_practice_pacage/install/setup.ps1'
[2.142s] INFO:colcon.colcon_core.shell:Creating prefix script '/home/tmem-orin8/tlab_practice_pacage/install/local_setup.sh'
[2.143s] INFO:colcon.colcon_core.shell:Creating prefix util module '/home/tmem-orin8/tlab_practice_pacage/install/_local_setup_util_sh.py'
[2.144s] INFO:colcon.colcon_core.shell:Creating prefix chain script '/home/tmem-orin8/tlab_practice_pacage/install/setup.sh'
[2.148s] INFO:colcon.colcon_core.shell:Creating prefix script '/home/tmem-orin8/tlab_practice_pacage/install/local_setup.bash'
[2.149s] INFO:colcon.colcon_core.shell:Creating prefix chain script '/home/tmem-orin8/tlab_practice_pacage/install/setup.bash'
[2.152s] INFO:colcon.colcon_core.shell:Creating prefix script '/home/tmem-orin8/tlab_practice_pacage/install/local_setup.zsh'
[2.154s] INFO:colcon.colcon_core.shell:Creating prefix chain script '/home/tmem-orin8/tlab_practice_pacage/install/setup.zsh'
