[0.215s] DEBUG:colcon:Command line arguments: ['/usr/bin/colcon', 'build']
[0.216s] DEBUG:colcon:Parsed command line arguments: Namespace(log_base=None, log_level=None, verb_name='build', build_base='build', install_base='install', merge_install=False, symlink_install=False, test_result_base=None, continue_on_error=False, executor='parallel', parallel_workers=6, event_handlers=None, ignore_user_meta=False, metas=['./colcon.meta'], base_paths=['.'], packages_ignore=None, packages_ignore_regex=None, paths=None, packages_up_to=None, packages_up_to_regex=None, packages_above=None, packages_above_and_dependencies=None, packages_above_depth=None, packages_select_by_dep=None, packages_skip_by_dep=None, packages_skip_up_to=None, packages_select_build_failed=False, packages_skip_build_finished=False, packages_select_test_failures=False, packages_skip_test_passed=False, packages_select=None, packages_skip=None, packages_select_regex=None, packages_skip_regex=None, packages_start=None, packages_end=None, allow_overriding=[], cmake_args=None, cmake_target=None, cmake_target_skip_unavailable=False, cmake_clean_cache=False, cmake_clean_first=False, cmake_force_configure=False, ament_cmake_args=None, catkin_cmake_args=None, catkin_skip_building_tests=False, verb_parser=<colcon_defaults.argument_parser.defaults.DefaultArgumentsDecorator object at 0xffffb1094880>, verb_extension=<colcon_core.verb.build.BuildVerb object at 0xffffb1249d20>, main=<bound method BuildVerb.main of <colcon_core.verb.build.BuildVerb object at 0xffffb1249d20>>)
[0.545s] Level 1:colcon.colcon_core.package_discovery:discover_packages(colcon_meta) check parameters
[0.545s] Level 1:colcon.colcon_core.package_discovery:discover_packages(recursive) check parameters
[0.546s] Level 1:colcon.colcon_core.package_discovery:discover_packages(ignore) check parameters
[0.546s] Level 1:colcon.colcon_core.package_discovery:discover_packages(path) check parameters
[0.546s] Level 1:colcon.colcon_core.package_discovery:discover_packages(colcon_meta) discover
[0.546s] Level 1:colcon.colcon_core.package_discovery:discover_packages(recursive) discover
[0.546s] INFO:colcon.colcon_core.package_discovery:Crawling recursively for packages in '/home/tmem-orin8/tlab_practice_pacage/hello'
[0.546s] Level 1:colcon.colcon_core.package_identification:_identify(.) by extensions ['ignore', 'ignore_ament_install']
[0.547s] Level 1:colcon.colcon_core.package_identification:_identify(.) by extension 'ignore'
[0.547s] Level 1:colcon.colcon_core.package_identification:_identify(.) by extension 'ignore_ament_install'
[0.547s] Level 1:colcon.colcon_core.package_identification:_identify(.) by extensions ['colcon_pkg']
[0.547s] Level 1:colcon.colcon_core.package_identification:_identify(.) by extension 'colcon_pkg'
[0.547s] Level 1:colcon.colcon_core.package_identification:_identify(.) by extensions ['colcon_meta']
[0.547s] Level 1:colcon.colcon_core.package_identification:_identify(.) by extension 'colcon_meta'
[0.547s] Level 1:colcon.colcon_core.package_identification:_identify(.) by extensions ['ros']
[0.548s] Level 1:colcon.colcon_core.package_identification:_identify(.) by extension 'ros'
[0.578s] DEBUG:colcon.colcon_core.package_identification:Package '.' with type 'ros.ament_cmake' and name 'hello'
[0.578s] Level 1:colcon.colcon_core.package_discovery:discover_packages(recursive) using defaults
[0.578s] Level 1:colcon.colcon_core.package_discovery:discover_packages(ignore) discover
[0.578s] Level 1:colcon.colcon_core.package_discovery:discover_packages(ignore) using defaults
[0.578s] Level 1:colcon.colcon_core.package_discovery:discover_packages(path) discover
[0.579s] Level 1:colcon.colcon_core.package_discovery:discover_packages(path) using defaults
[0.618s] Level 1:colcon.colcon_core.package_discovery:discover_packages(prefix_path) check parameters
[0.618s] Level 1:colcon.colcon_core.package_discovery:discover_packages(prefix_path) discover
[0.624s] DEBUG:colcon.colcon_installed_package_information.package_discovery:Found 273 installed packages in /opt/ros/humble
[0.626s] Level 1:colcon.colcon_core.package_discovery:discover_packages(prefix_path) using defaults
[0.736s] Level 5:colcon.colcon_core.verb:set package 'hello' build argument 'cmake_args' from command line to 'None'
[0.736s] Level 5:colcon.colcon_core.verb:set package 'hello' build argument 'cmake_target' from command line to 'None'
[0.736s] Level 5:colcon.colcon_core.verb:set package 'hello' build argument 'cmake_target_skip_unavailable' from command line to 'False'
[0.736s] Level 5:colcon.colcon_core.verb:set package 'hello' build argument 'cmake_clean_cache' from command line to 'False'
[0.736s] Level 5:colcon.colcon_core.verb:set package 'hello' build argument 'cmake_clean_first' from command line to 'False'
[0.736s] Level 5:colcon.colcon_core.verb:set package 'hello' build argument 'cmake_force_configure' from command line to 'False'
[0.736s] Level 5:colcon.colcon_core.verb:set package 'hello' build argument 'ament_cmake_args' from command line to 'None'
[0.737s] Level 5:colcon.colcon_core.verb:set package 'hello' build argument 'catkin_cmake_args' from command line to 'None'
[0.737s] Level 5:colcon.colcon_core.verb:set package 'hello' build argument 'catkin_skip_building_tests' from command line to 'False'
[0.737s] DEBUG:colcon.colcon_core.verb:Building package 'hello' with the following arguments: {'ament_cmake_args': None, 'build_base': '/home/tmem-orin8/tlab_practice_pacage/hello/build/hello', 'catkin_cmake_args': None, 'catkin_skip_building_tests': False, 'cmake_args': None, 'cmake_clean_cache': False, 'cmake_clean_first': False, 'cmake_force_configure': False, 'cmake_target': None, 'cmake_target_skip_unavailable': False, 'install_base': '/home/tmem-orin8/tlab_practice_pacage/hello/install/hello', 'merge_install': False, 'path': '/home/tmem-orin8/tlab_practice_pacage/hello', 'symlink_install': False, 'test_result_base': None}
[0.737s] INFO:colcon.colcon_core.executor:Executing jobs using 'parallel' executor
[0.739s] DEBUG:colcon.colcon_parallel_executor.executor.parallel:run_until_complete
[0.740s] INFO:colcon.colcon_ros.task.ament_cmake.build:Building ROS package in '/home/tmem-orin8/tlab_practice_pacage/hello' with build type 'ament_cmake'
[0.740s] INFO:colcon.colcon_cmake.task.cmake.build:Building CMake package in '/home/tmem-orin8/tlab_practice_pacage/hello'
[0.744s] INFO:colcon.colcon_core.plugin_system:Skipping extension 'colcon_core.shell.bat': Not used on non-Windows systems
[0.745s] INFO:colcon.colcon_core.shell:Skip shell extension 'powershell' for command environment: Not usable outside of PowerShell
[0.745s] DEBUG:colcon.colcon_core.shell:Skip shell extension 'dsv' for command environment
[0.762s] DEBUG:colcon.colcon_core.event_handler.log_command:Invoking command in '/home/tmem-orin8/tlab_practice_pacage/hello/build/hello': CMAKE_PREFIX_PATH=/opt/ros/humble /usr/bin/cmake --build /home/tmem-orin8/tlab_practice_pacage/hello/build/hello -- -j6 -l6
[8.083s] DEBUG:colcon.colcon_core.event_handler.log_command:Invoked command in '/home/tmem-orin8/tlab_practice_pacage/hello/build/hello' returned '0': CMAKE_PREFIX_PATH=/opt/ros/humble /usr/bin/cmake --build /home/tmem-orin8/tlab_practice_pacage/hello/build/hello -- -j6 -l6
[8.107s] DEBUG:colcon.colcon_core.event_handler.log_command:Invoking command in '/home/tmem-orin8/tlab_practice_pacage/hello/build/hello': CMAKE_PREFIX_PATH=/opt/ros/humble /usr/bin/cmake --install /home/tmem-orin8/tlab_practice_pacage/hello/build/hello
[8.137s] Level 1:colcon.colcon_core.environment:create_environment_scripts_only(hello)
[8.139s] DEBUG:colcon.colcon_core.event_handler.log_command:Invoked command in '/home/tmem-orin8/tlab_practice_pacage/hello/build/hello' returned '0': CMAKE_PREFIX_PATH=/opt/ros/humble /usr/bin/cmake --install /home/tmem-orin8/tlab_practice_pacage/hello/build/hello
[8.146s] Level 1:colcon.colcon_core.environment:checking '/home/tmem-orin8/tlab_practice_pacage/hello/install/hello' for CMake module files
[8.147s] Level 1:colcon.colcon_core.environment:checking '/home/tmem-orin8/tlab_practice_pacage/hello/install/hello' for CMake config files
[8.149s] Level 1:colcon.colcon_core.shell:create_environment_hook('hello', 'cmake_prefix_path')
[8.149s] INFO:colcon.colcon_core.shell:Creating environment hook '/home/tmem-orin8/tlab_practice_pacage/hello/install/hello/share/hello/hook/cmake_prefix_path.ps1'
[8.151s] INFO:colcon.colcon_core.shell:Creating environment descriptor '/home/tmem-orin8/tlab_practice_pacage/hello/install/hello/share/hello/hook/cmake_prefix_path.dsv'
[8.153s] INFO:colcon.colcon_core.shell:Creating environment hook '/home/tmem-orin8/tlab_practice_pacage/hello/install/hello/share/hello/hook/cmake_prefix_path.sh'
[8.155s] Level 1:colcon.colcon_core.environment:checking '/home/tmem-orin8/tlab_practice_pacage/hello/install/hello/lib'
[8.155s] Level 1:colcon.colcon_core.environment:checking '/home/tmem-orin8/tlab_practice_pacage/hello/install/hello/bin'
[8.156s] Level 1:colcon.colcon_core.environment:checking '/home/tmem-orin8/tlab_practice_pacage/hello/install/hello/lib/pkgconfig/hello.pc'
[8.156s] Level 1:colcon.colcon_core.environment:checking '/home/tmem-orin8/tlab_practice_pacage/hello/install/hello/lib/python3.10/site-packages'
[8.157s] Level 1:colcon.colcon_core.environment:checking '/home/tmem-orin8/tlab_practice_pacage/hello/install/hello/bin'
[8.158s] INFO:colcon.colcon_core.shell:Creating package script '/home/tmem-orin8/tlab_practice_pacage/hello/install/hello/share/hello/package.ps1'
[8.160s] INFO:colcon.colcon_core.shell:Creating package descriptor '/home/tmem-orin8/tlab_practice_pacage/hello/install/hello/share/hello/package.dsv'
[8.162s] INFO:colcon.colcon_core.shell:Creating package script '/home/tmem-orin8/tlab_practice_pacage/hello/install/hello/share/hello/package.sh'
[8.164s] INFO:colcon.colcon_core.shell:Creating package script '/home/tmem-orin8/tlab_practice_pacage/hello/install/hello/share/hello/package.bash'
[8.167s] INFO:colcon.colcon_core.shell:Creating package script '/home/tmem-orin8/tlab_practice_pacage/hello/install/hello/share/hello/package.zsh'
[8.169s] Level 1:colcon.colcon_core.environment:create_file_with_runtime_dependencies(/home/tmem-orin8/tlab_practice_pacage/hello/install/hello/share/colcon-core/packages/hello)
[8.170s] Level 1:colcon.colcon_core.environment:create_environment_scripts_only(hello)
[8.171s] Level 1:colcon.colcon_core.environment:checking '/home/tmem-orin8/tlab_practice_pacage/hello/install/hello' for CMake module files
[8.172s] Level 1:colcon.colcon_core.environment:checking '/home/tmem-orin8/tlab_practice_pacage/hello/install/hello' for CMake config files
[8.173s] Level 1:colcon.colcon_core.shell:create_environment_hook('hello', 'cmake_prefix_path')
[8.174s] INFO:colcon.colcon_core.shell:Creating environment hook '/home/tmem-orin8/tlab_practice_pacage/hello/install/hello/share/hello/hook/cmake_prefix_path.ps1'
[8.175s] INFO:colcon.colcon_core.shell:Creating environment descriptor '/home/tmem-orin8/tlab_practice_pacage/hello/install/hello/share/hello/hook/cmake_prefix_path.dsv'
[8.176s] INFO:colcon.colcon_core.shell:Creating environment hook '/home/tmem-orin8/tlab_practice_pacage/hello/install/hello/share/hello/hook/cmake_prefix_path.sh'
[8.177s] Level 1:colcon.colcon_core.environment:checking '/home/tmem-orin8/tlab_practice_pacage/hello/install/hello/lib'
[8.178s] Level 1:colcon.colcon_core.environment:checking '/home/tmem-orin8/tlab_practice_pacage/hello/install/hello/bin'
[8.178s] Level 1:colcon.colcon_core.environment:checking '/home/tmem-orin8/tlab_practice_pacage/hello/install/hello/lib/pkgconfig/hello.pc'
[8.178s] Level 1:colcon.colcon_core.environment:checking '/home/tmem-orin8/tlab_practice_pacage/hello/install/hello/lib/python3.10/site-packages'
[8.179s] Level 1:colcon.colcon_core.environment:checking '/home/tmem-orin8/tlab_practice_pacage/hello/install/hello/bin'
[8.180s] INFO:colcon.colcon_core.shell:Creating package script '/home/tmem-orin8/tlab_practice_pacage/hello/install/hello/share/hello/package.ps1'
[8.181s] INFO:colcon.colcon_core.shell:Creating package descriptor '/home/tmem-orin8/tlab_practice_pacage/hello/install/hello/share/hello/package.dsv'
[8.183s] INFO:colcon.colcon_core.shell:Creating package script '/home/tmem-orin8/tlab_practice_pacage/hello/install/hello/share/hello/package.sh'
[8.184s] INFO:colcon.colcon_core.shell:Creating package script '/home/tmem-orin8/tlab_practice_pacage/hello/install/hello/share/hello/package.bash'
[8.185s] INFO:colcon.colcon_core.shell:Creating package script '/home/tmem-orin8/tlab_practice_pacage/hello/install/hello/share/hello/package.zsh'
[8.186s] Level 1:colcon.colcon_core.environment:create_file_with_runtime_dependencies(/home/tmem-orin8/tlab_practice_pacage/hello/install/hello/share/colcon-core/packages/hello)
[8.186s] DEBUG:colcon.colcon_parallel_executor.executor.parallel:closing loop
[8.187s] DEBUG:colcon.colcon_parallel_executor.executor.parallel:loop closed
[8.187s] DEBUG:colcon.colcon_parallel_executor.executor.parallel:run_until_complete finished with '0'
[8.188s] DEBUG:colcon.colcon_core.event_reactor:joining thread
[8.203s] INFO:colcon.colcon_core.plugin_system:Skipping extension 'colcon_notification.desktop_notification.terminal_notifier': Not used on non-Darwin systems
[8.203s] INFO:colcon.colcon_core.plugin_system:Skipping extension 'colcon_notification.desktop_notification.win32': Not used on non-Windows systems
[8.204s] INFO:colcon.colcon_notification.desktop_notification:Sending desktop notification using 'notify2'
[8.248s] DEBUG:colcon.colcon_core.event_reactor:joined thread
[8.249s] INFO:colcon.colcon_core.shell:Creating prefix script '/home/tmem-orin8/tlab_practice_pacage/hello/install/local_setup.ps1'
[8.252s] INFO:colcon.colcon_core.shell:Creating prefix util module '/home/tmem-orin8/tlab_practice_pacage/hello/install/_local_setup_util_ps1.py'
[8.256s] INFO:colcon.colcon_core.shell:Creating prefix chain script '/home/tmem-orin8/tlab_practice_pacage/hello/install/setup.ps1'
[8.259s] INFO:colcon.colcon_core.shell:Creating prefix script '/home/tmem-orin8/tlab_practice_pacage/hello/install/local_setup.sh'
[8.260s] INFO:colcon.colcon_core.shell:Creating prefix util module '/home/tmem-orin8/tlab_practice_pacage/hello/install/_local_setup_util_sh.py'
[8.262s] INFO:colcon.colcon_core.shell:Creating prefix chain script '/home/tmem-orin8/tlab_practice_pacage/hello/install/setup.sh'
[8.265s] INFO:colcon.colcon_core.shell:Creating prefix script '/home/tmem-orin8/tlab_practice_pacage/hello/install/local_setup.bash'
[8.266s] INFO:colcon.colcon_core.shell:Creating prefix chain script '/home/tmem-orin8/tlab_practice_pacage/hello/install/setup.bash'
[8.268s] INFO:colcon.colcon_core.shell:Creating prefix script '/home/tmem-orin8/tlab_practice_pacage/hello/install/local_setup.zsh'
[8.269s] INFO:colcon.colcon_core.shell:Creating prefix chain script '/home/tmem-orin8/tlab_practice_pacage/hello/install/setup.zsh'
