In file included from [01m[K/home/tmem-orin8/tlab_practice_pacage/hello/src/hello_node.cpp:1[m[K:
[01m[K/home/tmem-orin8/tlab_practice_pacage/hello/include/hello/hello_node.hpp:7:24:[m[K [01;31m[Kerror: [m[K‘[01m[KsharedPtr[m[K’ in ‘[01m[Kclass rclcpp::TimerBase[m[K’ does not name a type
    7 |     rclcpp::TimerBase::[01;31m[KsharedPtr[m[K timer_;
      |                        [01;31m[K^~~~~~~~~[m[K
[01m[K/home/tmem-orin8/tlab_practice_pacage/hello/include/hello/hello_node.hpp:12:29:[m[K [01;31m[Kerror: [m[K‘[01m[KNpdeOptin[m[K’ in namespace ‘[01m[Krclcpp[m[K’ does not name a type; did you mean ‘[01m[KNodeOptions[m[K’?
   12 |     HelloNode(const rclcpp::[01;31m[KNpdeOptin[m[K &optins = rclcpp::NodeOptions());
      |                             [01;31m[K^~~~~~~~~[m[K
      |                             [32m[KNodeOptions[m[K
[01m[K/home/tmem-orin8/tlab_practice_pacage/hello/include/hello/hello_node.hpp:13:60:[m[K [01;31m[Kerror: [m[K‘[01m[KnodeOptions[m[K’ in namespace ‘[01m[Krclcpp[m[K’ does not name a type; did you mean ‘[01m[KNodeOptions[m[K’?
   13 |     HelloNode(const std::string& name_space, const rclcpp::[01;31m[KnodeOptions[m[K& options = rclcpp::NodeOptions());
      |                                                            [01;31m[K^~~~~~~~~~~[m[K
      |                                                            [32m[KNodeOptions[m[K
[01m[K/home/tmem-orin8/tlab_practice_pacage/hello/include/hello/hello_node.hpp:12:57:[m[K [01;31m[Kerror: [m[Kcould not convert ‘[01m[Krclcpp::NodeOptions(rcutils_get_default_allocator())[m[K’ from ‘[01m[Krclcpp::NodeOptions[m[K’ to ‘[01m[Kconst int&[m[K’
   12 |     HelloNode(const rclcpp::NpdeOptin &optins = rclcpp::[01;31m[KNodeOptions()[m[K);
      |                                                         [01;31m[K^~~~~~~~~~~~~[m[K
      |                                                         [01;31m[K|[m[K
      |                                                         [01;31m[Krclcpp::NodeOptions[m[K
[01m[K/home/tmem-orin8/tlab_practice_pacage/hello/include/hello/hello_node.hpp:13:91:[m[K [01;31m[Kerror: [m[Kcould not convert ‘[01m[Krclcpp::NodeOptions(rcutils_get_default_allocator())[m[K’ from ‘[01m[Krclcpp::NodeOptions[m[K’ to ‘[01m[Kconst int&[m[K’
   13 |     HelloNode(const std::string& name_space, const rclcpp::nodeOptions& options = rclcpp::[01;31m[KNodeOptions()[m[K);
      |                                                                                           [01;31m[K^~~~~~~~~~~~~[m[K
      |                                                                                           [01;31m[K|[m[K
      |                                                                                           [01;31m[Krclcpp::NodeOptions[m[K
[01m[K/home/tmem-orin8/tlab_practice_pacage/hello/include/hello/hello_node.hpp:4:1:[m[K [01;31m[Kerror: [m[Knew types may not be defined in a return type
    4 | [01;31m[Kclass[m[K HelloNode : public rclcpp::Node
      | [01;31m[K^~~~~[m[K
[01m[K/home/tmem-orin8/tlab_practice_pacage/hello/include/hello/hello_node.hpp:4:1:[m[K [01;36m[Knote: [m[K(perhaps a semicolon is missing after the definition of ‘[01m[KHelloNode[m[K’)
[01m[K/home/tmem-orin8/tlab_practice_pacage/hello/include/hello/hello_node.hpp:4:1:[m[K [01;31m[Kerror: [m[Kreturn type specification for constructor invalid
[01m[K/home/tmem-orin8/tlab_practice_pacage/hello/src/hello_node.cpp:3:1:[m[K [01;31m[Kerror: [m[Kno declaration matches ‘[01m[KHelloNode::HelloNode(const rclcpp::NodeOptions&)[m[K’
    3 | [01;31m[KHelloNode[m[K::HelloNode(const rclcpp::NodeOptions &options) : HelloNode("", options) {}
      | [01;31m[K^~~~~~~~~[m[K
In file included from [01m[K/home/tmem-orin8/tlab_practice_pacage/hello/src/hello_node.cpp:1[m[K:
[01m[K/home/tmem-orin8/tlab_practice_pacage/hello/include/hello/hello_node.hpp:4:7:[m[K [01;36m[Knote: [m[Kcandidates are: ‘[01m[KHelloNode::HelloNode(HelloNode&&)[m[K’
    4 | class [01;36m[KHelloNode[m[K : public rclcpp::Node
      |       [01;36m[K^~~~~~~~~[m[K
[01m[K/home/tmem-orin8/tlab_practice_pacage/hello/include/hello/hello_node.hpp:4:7:[m[K [01;36m[Knote: [m[K                ‘[01m[KHelloNode::HelloNode(const HelloNode&)[m[K’
[01m[K/home/tmem-orin8/tlab_practice_pacage/hello/include/hello/hello_node.hpp:13:5:[m[K [01;36m[Knote: [m[K                ‘[01m[KHelloNode::HelloNode(const string&, const int&)[m[K’
   13 |     [01;36m[KHelloNode[m[K(const std::string& name_space, const rclcpp::nodeOptions& options = rclcpp::NodeOptions());
      |     [01;36m[K^~~~~~~~~[m[K
[01m[K/home/tmem-orin8/tlab_practice_pacage/hello/include/hello/hello_node.hpp:12:5:[m[K [01;36m[Knote: [m[K                ‘[01m[KHelloNode::HelloNode(const int&)[m[K’
   12 |     [01;36m[KHelloNode[m[K(const rclcpp::NpdeOptin &optins = rclcpp::NodeOptions());
      |     [01;36m[K^~~~~~~~~[m[K
[01m[K/home/tmem-orin8/tlab_practice_pacage/hello/include/hello/hello_node.hpp:4:7:[m[K [01;36m[Knote: [m[K‘[01m[Kclass HelloNode[m[K’ defined here
    4 | class [01;36m[KHelloNode[m[K : public rclcpp::Node
      |       [01;36m[K^~~~~~~~~[m[K
[01m[K/home/tmem-orin8/tlab_practice_pacage/hello/src/hello_node.cpp:4:53:[m[K [01;31m[Kerror: [m[K‘[01m[Kcondt[m[K’ has not been declared
    4 | HelloNode::HelloNode(const std::string &name_space, [01;31m[Kcondt[m[K rclcpp::NodeOptions &options)
      |                                                     [01;31m[K^~~~~[m[K
[01m[K/home/tmem-orin8/tlab_practice_pacage/hello/src/hello_node.cpp:4:79:[m[K [01;31m[Kerror: [m[Kexpected unqualified-id before ‘[01m[K&[m[K’ token
    4 | HelloNode::HelloNode(const std::string &name_space, condt rclcpp::NodeOptions [01;31m[K&[m[Koptions)
      |                                                                               [01;31m[K^[m[K
[01m[K/home/tmem-orin8/tlab_practice_pacage/hello/src/hello_node.cpp:4:78:[m[K [01;31m[Kerror: [m[Kexpected ‘[01m[K)[m[K’ before ‘[01m[K&[m[K’ token
    4 | HelloNode::HelloNode[34m[K([m[Kconst std::string &name_space, condt rclcpp::NodeOptions[01;31m[K [m[K[32m[K&[m[Koptions)
      |                     [34m[K~[m[K                                                        [01;31m[K^[m[K[32m[K~[m[K
      |                                                                              [32m[K)[m[K
[01m[K/home/tmem-orin8/tlab_practice_pacage/hello/src/hello_node.cpp:4:80:[m[K [01;31m[Kerror: [m[Kexpected initializer before ‘[01m[Koptions[m[K’
    4 | HelloNode::HelloNode(const std::string &name_space, condt rclcpp::NodeOptions &[01;31m[Koptions[m[K)
      |                                                                                [01;31m[K^~~~~~~[m[K
In file included from [01m[K/home/tmem-orin8/tlab_practice_pacage/hello/src/main.cpp:1[m[K:
[01m[K/home/tmem-orin8/tlab_practice_pacage/hello/include/hello/hello_node.hpp:7:24:[m[K [01;31m[Kerror: [m[K‘[01m[KsharedPtr[m[K’ in ‘[01m[Kclass rclcpp::TimerBase[m[K’ does not name a type
    7 |     rclcpp::TimerBase::[01;31m[KsharedPtr[m[K timer_;
      |                        [01;31m[K^~~~~~~~~[m[K
[01m[K/home/tmem-orin8/tlab_practice_pacage/hello/include/hello/hello_node.hpp:12:29:[m[K [01;31m[Kerror: [m[K‘[01m[KNpdeOptin[m[K’ in namespace ‘[01m[Krclcpp[m[K’ does not name a type; did you mean ‘[01m[KNodeOptions[m[K’?
   12 |     HelloNode(const rclcpp::[01;31m[KNpdeOptin[m[K &optins = rclcpp::NodeOptions());
      |                             [01;31m[K^~~~~~~~~[m[K
      |                             [32m[KNodeOptions[m[K
[01m[K/home/tmem-orin8/tlab_practice_pacage/hello/include/hello/hello_node.hpp:13:60:[m[K [01;31m[Kerror: [m[K‘[01m[KnodeOptions[m[K’ in namespace ‘[01m[Krclcpp[m[K’ does not name a type; did you mean ‘[01m[KNodeOptions[m[K’?
   13 |     HelloNode(const std::string& name_space, const rclcpp::[01;31m[KnodeOptions[m[K& options = rclcpp::NodeOptions());
      |                                                            [01;31m[K^~~~~~~~~~~[m[K
      |                                                            [32m[KNodeOptions[m[K
[01m[K/home/tmem-orin8/tlab_practice_pacage/hello/include/hello/hello_node.hpp:15:2:[m[K [01;31m[Kerror: [m[Kexpected ‘[01m[K;[m[K’ after class definition
   15 | }
      |  [01;31m[K^[m[K
      |  [32m[K;[m[K
[01m[K/home/tmem-orin8/tlab_practice_pacage/hello/include/hello/hello_node.hpp:12:57:[m[K [01;31m[Kerror: [m[Kcould not convert ‘[01m[Krclcpp::NodeOptions(rcutils_get_default_allocator())[m[K’ from ‘[01m[Krclcpp::NodeOptions[m[K’ to ‘[01m[Kconst int&[m[K’
   12 |     HelloNode(const rclcpp::NpdeOptin &optins = rclcpp::[01;31m[KNodeOptions()[m[K);
      |                                                         [01;31m[K^~~~~~~~~~~~~[m[K
      |                                                         [01;31m[K|[m[K
      |                                                         [01;31m[Krclcpp::NodeOptions[m[K
[01m[K/home/tmem-orin8/tlab_practice_pacage/hello/include/hello/hello_node.hpp:13:91:[m[K [01;31m[Kerror: [m[Kcould not convert ‘[01m[Krclcpp::NodeOptions(rcutils_get_default_allocator())[m[K’ from ‘[01m[Krclcpp::NodeOptions[m[K’ to ‘[01m[Kconst int&[m[K’
   13 |     HelloNode(const std::string& name_space, const rclcpp::nodeOptions& options = rclcpp::[01;31m[KNodeOptions()[m[K);
      |                                                                                           [01;31m[K^~~~~~~~~~~~~[m[K
      |                                                                                           [01;31m[K|[m[K
      |                                                                                           [01;31m[Krclcpp::NodeOptions[m[K
[01m[K/home/tmem-orin8/tlab_practice_pacage/hello/src/main.cpp:[m[K In function ‘[01m[Kint main(int, char**)[m[K’:
[01m[K/home/tmem-orin8/tlab_practice_pacage/hello/src/main.cpp:4:23:[m[K [01;31m[Kerror: [m[K‘[01m[Kargv[m[K’ was not declared in this scope; did you mean ‘[01m[KargV[m[K’?
    4 |     rclcpp::init(argc,[01;31m[Kargv[m[K);
      |                       [01;31m[K^~~~[m[K
      |                       [32m[KargV[m[K
[01m[K/home/tmem-orin8/tlab_practice_pacage/hello/src/main.cpp:3:26:[m[K [01;35m[Kwarning: [m[Kunused parameter ‘[01m[KargV[m[K’ [[01;35m[K]8;;https://gcc.gnu.org/onlinedocs/gcc/Warning-Options.html#index-Wunused-parameter-Wunused-parameter]8;;[m[K]
    3 | int main(int argc,[01;35m[Kchar * argV[][m[K){
      |                   [01;35m[K~~~~~~~^~~~~~[m[K
In file included from [01m[K/usr/include/aarch64-linux-gnu/c++/11/bits/c++allocator.h:33[m[K,
                 from [01m[K/usr/include/c++/11/bits/allocator.h:46[m[K,
                 from [01m[K/usr/include/c++/11/memory:64[m[K,
                 from [01m[K/opt/ros/humble/include/rclcpp/rclcpp/rclcpp.hpp:153[m[K,
                 from [01m[K/home/tmem-orin8/tlab_practice_pacage/hello/include/hello/hello_node.hpp:1[m[K,
                 from [01m[K/home/tmem-orin8/tlab_practice_pacage/hello/src/main.cpp:1[m[K:
/usr/include/c++/11/ext/new_allocator.h: In instantiation of ‘[01m[Kvoid __gnu_cxx::new_allocator<_Tp>::construct(_Up*, _Args&& ...) [with _Up = HelloNode; _Args = {}; _Tp = HelloNode][m[K’:
[01m[K/usr/include/c++/11/bits/alloc_traits.h:516:17:[m[K   required from ‘[01m[Kstatic void std::allocator_traits<std::allocator<_Tp1> >::construct(std::allocator_traits<std::allocator<_Tp1> >::allocator_type&, _Up*, _Args&& ...) [with _Up = HelloNode; _Args = {}; _Tp = HelloNode; std::allocator_traits<std::allocator<_Tp1> >::allocator_type = std::allocator<HelloNode>][m[K’
[01m[K/usr/include/c++/11/bits/shared_ptr_base.h:519:39:[m[K   required from ‘[01m[Kstd::_Sp_counted_ptr_inplace<_Tp, _Alloc, _Lp>::_Sp_counted_ptr_inplace(_Alloc, _Args&& ...) [with _Args = {}; _Tp = HelloNode; _Alloc = std::allocator<HelloNode>; __gnu_cxx::_Lock_policy _Lp = __gnu_cxx::_S_atomic][m[K’
[01m[K/usr/include/c++/11/bits/shared_ptr_base.h:650:16:[m[K   required from ‘[01m[Kstd::__shared_count<_Lp>::__shared_count(_Tp*&, std::_Sp_alloc_shared_tag<_Alloc>, _Args&& ...) [with _Tp = HelloNode; _Alloc = std::allocator<HelloNode>; _Args = {}; __gnu_cxx::_Lock_policy _Lp = __gnu_cxx::_S_atomic][m[K’
[01m[K/usr/include/c++/11/bits/shared_ptr_base.h:1342:14:[m[K   required from ‘[01m[Kstd::__shared_ptr<_Tp, _Lp>::__shared_ptr(std::_Sp_alloc_shared_tag<_Tp>, _Args&& ...) [with _Alloc = std::allocator<HelloNode>; _Args = {}; _Tp = HelloNode; __gnu_cxx::_Lock_policy _Lp = __gnu_cxx::_S_atomic][m[K’
[01m[K/usr/include/c++/11/bits/shared_ptr.h:409:59:[m[K   required from ‘[01m[Kstd::shared_ptr<_Tp>::shared_ptr(std::_Sp_alloc_shared_tag<_Tp>, _Args&& ...) [with _Alloc = std::allocator<HelloNode>; _Args = {}; _Tp = HelloNode][m[K’
[01m[K/usr/include/c++/11/bits/shared_ptr.h:862:14:[m[K   required from ‘[01m[Kstd::shared_ptr<_Tp> std::allocate_shared(const _Alloc&, _Args&& ...) [with _Tp = HelloNode; _Alloc = std::allocator<HelloNode>; _Args = {}][m[K’
[01m[K/usr/include/c++/11/bits/shared_ptr.h:878:39:[m[K   required from ‘[01m[Kstd::shared_ptr<_Tp> std::make_shared(_Args&& ...) [with _Tp = HelloNode; _Args = {}][m[K’
[01m[K/home/tmem-orin8/tlab_practice_pacage/hello/src/main.cpp:6:44:[m[K   required from here
[01m[K/usr/include/c++/11/ext/new_allocator.h:162:11:[m[K [01;31m[Kerror: [m[Kinvalid initialization of reference of type ‘[01m[Kconst int&[m[K’ from expression of type ‘[01m[Krclcpp::NodeOptions[m[K’
  162 |         { [01;31m[K::new((void *)__p) _Up(std::forward<_Args>(__args)...)[m[K; }
      |           [01;31m[K^~~~~~~~~~~~~~~~~~~~~~~~~~~~~~~~~~~~~~~~~~~~~~~~~~~~~~[m[K
In file included from [01m[K/home/tmem-orin8/tlab_practice_pacage/hello/src/main.cpp:1[m[K:
[01m[K/home/tmem-orin8/tlab_practice_pacage/hello/include/hello/hello_node.hpp:12:40:[m[K [01;36m[Knote: [m[Kin passing argument 1 of ‘[01m[KHelloNode::HelloNode(const int&)[m[K’
   12 |     HelloNode([01;36m[Kconst rclcpp::NpdeOptin &optins = rclcpp::NodeOptions()[m[K);
      |               [01;36m[K~~~~~~~~~~~~~~~~~~~~~~~~~^~~~~~~~~~~~~~~~~~~~~~~~~~~~~~[m[K
gmake[2]: *** [CMakeFiles/hello.dir/build.make:90: CMakeFiles/hello.dir/src/hello_node.cpp.o] Error 1
gmake[2]: *** Waiting for unfinished jobs....
gmake[2]: *** [CMakeFiles/hello.dir/build.make:76: CMakeFiles/hello.dir/src/main.cpp.o] Error 1
gmake[1]: *** [CMakeFiles/Makefile2:137: CMakeFiles/hello.dir/all] Error 2
gmake: *** [Makefile:146: all] Error 2
